<?xml version="1.0" encoding="UTF-8"?>
<!-- Generated by org.testng.reporters.JUnitXMLReporter -->
<testsuite hostname="admin" name="Test" tests="1" failures="1" timestamp="19 Jan 2019 06:30:09 GMT" time="31.361" errors="0">
  <testcase name="verifytitle" time="11.848" classname="com.selenium.WebdriverProj.WebDriverwithTestng.MercuryHomePageTitle">
    <failure type="java.lang.AssertionError" message="expected [Mercury] but found [Find a Flight: Mercury Tours:]">
      <![CDATA[java.lang.AssertionError: expected [Mercury] but found [Find a Flight: Mercury Tours:]
	at com.selenium.WebdriverProj.WebDriverwithTestng.MercuryHomePageTitle.verifytitle(MercuryHomePageTitle.java:34)
... Removed 32 stack frames]]>
    </failure>
  </testcase> <!-- verifytitle -->
</testsuite> <!-- Test -->
